{"/Users/franciscolopez/Desktop/React-Labyrinth/src/extension.ts": {"path":"/Users/franciscolopez/Desktop/React-Labyrinth/src/extension.ts","statementMap":{"0":{"start":{"line":6,"column":31},"end":{"line":6,"column":40}},"1":{"start":{"line":7,"column":45},"end":{"line":7,"column":54}},"2":{"start":{"line":14,"column":54},"end":{"line":16,"column":19}},"3":{"start":{"line":19,"column":37},"end":{"line":58,"column":3}},"4":{"start":{"line":19,"column":104},"end":{"line":58,"column":3}},"5":{"start":{"line":21,"column":2},"end":{"line":23,"column":3}},"6":{"start":{"line":22,"column":3},"end":{"line":22,"column":32}},"7":{"start":{"line":26,"column":34},"end":{"line":26,"column":141}},"8":{"start":{"line":29,"column":2},"end":{"line":32,"column":3}},"9":{"start":{"line":30,"column":3},"end":{"line":30,"column":54}},"10":{"start":{"line":31,"column":3},"end":{"line":31,"column":10}},"11":{"start":{"line":35,"column":2},"end":{"line":35,"column":39}},"12":{"start":{"line":36,"column":2},"end":{"line":36,"column":15}},"13":{"start":{"line":37,"column":21},"end":{"line":37,"column":35}},"14":{"start":{"line":41,"column":2},"end":{"line":46,"column":3}},"15":{"start":{"line":42,"column":3},"end":{"line":42,"column":54}},"16":{"start":{"line":44,"column":3},"end":{"line":44,"column":null}},"17":{"start":{"line":45,"column":3},"end":{"line":45,"column":54}},"18":{"start":{"line":49,"column":2},"end":{"line":57,"column":4}},"19":{"start":{"line":51,"column":4},"end":{"line":51,"column":20}},"20":{"start":{"line":52,"column":4},"end":{"line":52,"column":22}},"21":{"start":{"line":53,"column":4},"end":{"line":53,"column":31}},"22":{"start":{"line":61,"column":38},"end":{"line":63,"column":3}},"23":{"start":{"line":62,"column":2},"end":{"line":62,"column":31}},"24":{"start":{"line":65,"column":1},"end":{"line":65,"column":49}},"25":{"start":{"line":71,"column":0},"end":{"line":74,"column":null}}},"fnMap":{"0":{"name":"activate","decl":{"start":{"line":11,"column":9},"end":{"line":11,"column":17}},"loc":{"start":{"line":11,"column":50},"end":{"line":66,"column":1}}},"1":{"name":"(anonymous_8)","decl":{"start":{"line":19,"column":93},"end":{"line":19,"column":102}},"loc":{"start":{"line":19,"column":104},"end":{"line":58,"column":3}}},"2":{"name":"(anonymous_9)","decl":{"start":{"line":19,"column":104},"end":{"line":19,"column":null}},"loc":{"start":{"line":19,"column":104},"end":{"line":58,"column":2}}},"3":{"name":"(anonymous_10)","decl":{"start":{"line":50,"column":3},"end":{"line":50,"column":6}},"loc":{"start":{"line":50,"column":8},"end":{"line":54,"column":4}}},"4":{"name":"(anonymous_11)","decl":{"start":{"line":61,"column":95},"end":{"line":61,"column":98}},"loc":{"start":{"line":61,"column":100},"end":{"line":63,"column":2}}},"5":{"name":"deactivate","decl":{"start":{"line":69,"column":9},"end":{"line":69,"column":19}},"loc":{"start":{"line":69,"column":19},"end":{"line":69,"column":24}}}},"branchMap":{"0":{"loc":{"start":{"line":14,"column":54},"end":{"line":16,"column":19}},"type":"cond-expr","locations":[{"start":{"line":15,"column":10},"end":{"line":15,"column":51}},{"start":{"line":16,"column":10},"end":{"line":16,"column":19}}]},"1":{"loc":{"start":{"line":21,"column":2},"end":{"line":23,"column":3}},"type":"if","locations":[{"start":{"line":21,"column":2},"end":{"line":23,"column":3}}]},"2":{"loc":{"start":{"line":29,"column":2},"end":{"line":32,"column":3}},"type":"if","locations":[{"start":{"line":29,"column":2},"end":{"line":32,"column":3}}]},"3":{"loc":{"start":{"line":29,"column":6},"end":{"line":29,"column":42}},"type":"binary-expr","locations":[{"start":{"line":29,"column":6},"end":{"line":29,"column":16}},{"start":{"line":29,"column":20},"end":{"line":29,"column":42}}]},"4":{"loc":{"start":{"line":41,"column":2},"end":{"line":46,"column":3}},"type":"if","locations":[{"start":{"line":41,"column":2},"end":{"line":46,"column":3}},{"start":{"line":43,"column":9},"end":{"line":46,"column":3}}]}},"s":{"0":0,"1":0,"2":0,"3":0,"4":0,"5":0,"6":0,"7":0,"8":0,"9":0,"10":0,"11":0,"12":0,"13":0,"14":0,"15":0,"16":0,"17":0,"18":0,"19":0,"20":0,"21":0,"22":0,"23":0,"24":0,"25":0},"f":{"0":0,"1":0,"2":0,"3":0,"4":0,"5":0},"b":{"0":[0,0],"1":[0],"2":[0],"3":[0,0],"4":[0,0]}}
,"/Users/franciscolopez/Desktop/React-Labyrinth/src/panel.ts": {"path":"/Users/franciscolopez/Desktop/React-Labyrinth/src/panel.ts","statementMap":{"0":{"start":{"line":5,"column":45},"end":{"line":5,"column":54}},"1":{"start":{"line":9,"column":4},"end":{"line":18,"column":6}},"2":{"start":{"line":21,"column":4},"end":{"line":21,"column":87}},"3":{"start":{"line":24,"column":35},"end":{"line":24,"column":98}},"4":{"start":{"line":27,"column":34},"end":{"line":27,"column":72}},"5":{"start":{"line":30,"column":4},"end":{"line":30,"column":60}},"6":{"start":{"line":33,"column":4},"end":{"line":50,"column":6}},"7":{"start":{"line":34,"column":27},"end":{"line":47,"column":null}},"8":{"start":{"line":35,"column":12},"end":{"line":46,"column":13}},"9":{"start":{"line":37,"column":20},"end":{"line":37,"column":42}},"10":{"start":{"line":37,"column":36},"end":{"line":37,"column":42}},"11":{"start":{"line":38,"column":20},"end":{"line":38,"column":79}},"12":{"start":{"line":39,"column":20},"end":{"line":44,"column":27}},"13":{"start":{"line":45,"column":20},"end":{"line":45,"column":26}},"14":{"start":{"line":52,"column":4},"end":{"line":52,"column":null}},"15":{"start":{"line":56,"column":22},"end":{"line":56,"column":32}},"16":{"start":{"line":60,"column":4},"end":{"line":84,"column":6}}},"fnMap":{"0":{"name":"createPanel","decl":{"start":{"line":7,"column":16},"end":{"line":7,"column":27}},"loc":{"start":{"line":7,"column":107},"end":{"line":53,"column":1}}},"1":{"name":"(anonymous_8)","decl":{"start":{"line":34,"column":8},"end":{"line":34,"column":15}},"loc":{"start":{"line":34,"column":27},"end":{"line":47,"column":null}}},"2":{"name":"(anonymous_9)","decl":{"start":{"line":34,"column":27},"end":{"line":34,"column":null}},"loc":{"start":{"line":34,"column":27},"end":{"line":47,"column":9}}},"3":{"name":"createWebviewHTML","decl":{"start":{"line":59,"column":9},"end":{"line":59,"column":26}},"loc":{"start":{"line":59,"column":61},"end":{"line":85,"column":1}}}},"branchMap":{"0":{"loc":{"start":{"line":35,"column":12},"end":{"line":46,"column":13}},"type":"switch","locations":[{"start":{"line":36,"column":16},"end":{"line":45,"column":26}}]},"1":{"loc":{"start":{"line":37,"column":20},"end":{"line":37,"column":42}},"type":"if","locations":[{"start":{"line":37,"column":20},"end":{"line":37,"column":42}}]}},"s":{"0":0,"1":0,"2":0,"3":0,"4":0,"5":0,"6":0,"7":0,"8":0,"9":0,"10":0,"11":0,"12":0,"13":0,"14":0,"15":0,"16":0},"f":{"0":0,"1":0,"2":0,"3":0},"b":{"0":[0],"1":[0]}}
,"/Users/franciscolopez/Desktop/React-Labyrinth/src/parser.ts": {"path":"/Users/franciscolopez/Desktop/React-Labyrinth/src/parser.ts","statementMap":{"0":{"start":{"line":15,"column":8},"end":{"line":15,"column":34}},"1":{"start":{"line":16,"column":8},"end":{"line":31,"column":9}},"2":{"start":{"line":17,"column":12},"end":{"line":19,"column":14}},"3":{"start":{"line":20,"column":12},"end":{"line":20,"column":80}},"4":{"start":{"line":22,"column":15},"end":{"line":31,"column":9}},"5":{"start":{"line":26,"column":25},"end":{"line":26,"column":66}},"6":{"start":{"line":27,"column":12},"end":{"line":30,"column":14}},"7":{"start":{"line":32,"column":8},"end":{"line":32,"column":30}},"8":{"start":{"line":39,"column":21},"end":{"line":57,"column":10}},"9":{"start":{"line":58,"column":8},"end":{"line":58,"column":25}},"10":{"start":{"line":59,"column":8},"end":{"line":59,"column":26}},"11":{"start":{"line":60,"column":8},"end":{"line":60,"column":25}},"12":{"start":{"line":64,"column":8},"end":{"line":64,"column":25}},"13":{"start":{"line":69,"column":8},"end":{"line":69,"column":39}},"14":{"start":{"line":70,"column":8},"end":{"line":70,"column":25}},"15":{"start":{"line":74,"column":30},"end":{"line":74,"column":32}},"16":{"start":{"line":76,"column":30},"end":{"line":79,"column":9}},"17":{"start":{"line":77,"column":50},"end":{"line":77,"column":54}},"18":{"start":{"line":78,"column":12},"end":{"line":78,"column":57}},"19":{"start":{"line":81,"column":28},"end":{"line":92,"column":9}},"20":{"start":{"line":82,"column":12},"end":{"line":91,"column":13}},"21":{"start":{"line":82,"column":25},"end":{"line":82,"column":26}},"22":{"start":{"line":83,"column":32},"end":{"line":83,"column":43}},"23":{"start":{"line":84,"column":16},"end":{"line":90,"column":17}},"24":{"start":{"line":89,"column":20},"end":{"line":89,"column":41}},"25":{"start":{"line":94,"column":25},"end":{"line":106,"column":9}},"26":{"start":{"line":95,"column":12},"end":{"line":105,"column":13}},"27":{"start":{"line":96,"column":16},"end":{"line":98,"column":19}},"28":{"start":{"line":97,"column":20},"end":{"line":97,"column":60}},"29":{"start":{"line":100,"column":32},"end":{"line":100,"column":49}},"30":{"start":{"line":102,"column":16},"end":{"line":102,"column":56}},"31":{"start":{"line":104,"column":16},"end":{"line":104,"column":30}},"32":{"start":{"line":108,"column":8},"end":{"line":108,"column":47}},"33":{"start":{"line":109,"column":8},"end":{"line":109,"column":26}},"34":{"start":{"line":114,"column":25},"end":{"line":118,"column":9}},"35":{"start":{"line":115,"column":12},"end":{"line":117,"column":13}},"36":{"start":{"line":116,"column":16},"end":{"line":116,"column":41}},"37":{"start":{"line":120,"column":8},"end":{"line":120,"column":47}},"38":{"start":{"line":121,"column":8},"end":{"line":121,"column":26}},"39":{"start":{"line":126,"column":8},"end":{"line":128,"column":9}},"40":{"start":{"line":127,"column":12},"end":{"line":127,"column":19}},"41":{"start":{"line":130,"column":8},"end":{"line":130,"column":23}},"42":{"start":{"line":132,"column":8},"end":{"line":134,"column":11}},"43":{"start":{"line":133,"column":12},"end":{"line":133,"column":51}},"44":{"start":{"line":140,"column":8},"end":{"line":149,"column":9}},"45":{"start":{"line":141,"column":12},"end":{"line":141,"column":44}},"46":{"start":{"line":142,"column":12},"end":{"line":147,"column":13}},"47":{"start":{"line":146,"column":16},"end":{"line":146,"column":49}},"48":{"start":{"line":148,"column":12},"end":{"line":148,"column":19}},"49":{"start":{"line":152,"column":25},"end":{"line":152,"column":56}},"50":{"start":{"line":153,"column":8},"end":{"line":156,"column":9}},"51":{"start":{"line":154,"column":12},"end":{"line":154,"column":51}},"52":{"start":{"line":155,"column":12},"end":{"line":155,"column":19}},"53":{"start":{"line":159,"column":8},"end":{"line":161,"column":9}},"54":{"start":{"line":160,"column":12},"end":{"line":160,"column":19}},"55":{"start":{"line":168,"column":8},"end":{"line":180,"column":9}},"56":{"start":{"line":169,"column":12},"end":{"line":176,"column":14}},"57":{"start":{"line":178,"column":12},"end":{"line":178,"column":74}},"58":{"start":{"line":179,"column":12},"end":{"line":179,"column":33}},"59":{"start":{"line":183,"column":24},"end":{"line":183,"column":57}},"60":{"start":{"line":186,"column":8},"end":{"line":190,"column":9}},"61":{"start":{"line":187,"column":12},"end":{"line":187,"column":51}},"62":{"start":{"line":189,"column":12},"end":{"line":189,"column":52}},"63":{"start":{"line":193,"column":8},"end":{"line":199,"column":9}},"64":{"start":{"line":194,"column":12},"end":{"line":198,"column":14}},"65":{"start":{"line":202,"column":8},"end":{"line":204,"column":9}},"66":{"start":{"line":203,"column":12},"end":{"line":203,"column":81}},"67":{"start":{"line":207,"column":8},"end":{"line":207,"column":70}},"68":{"start":{"line":207,"column":50},"end":{"line":207,"column":68}},"69":{"start":{"line":208,"column":8},"end":{"line":208,"column":29}},"70":{"start":{"line":213,"column":20},"end":{"line":213,"column":56}},"71":{"start":{"line":214,"column":43},"end":{"line":214,"column":65}},"72":{"start":{"line":216,"column":8},"end":{"line":222,"column":9}},"73":{"start":{"line":218,"column":30},"end":{"line":218,"column":82}},"74":{"start":{"line":219,"column":26},"end":{"line":219,"column":75}},"75":{"start":{"line":220,"column":12},"end":{"line":220,"column":73}},"76":{"start":{"line":220,"column":51},"end":{"line":220,"column":71}},"77":{"start":{"line":221,"column":12},"end":{"line":221,"column":81}},"78":{"start":{"line":223,"column":8},"end":{"line":223,"column":24}},"79":{"start":{"line":230,"column":28},"end":{"line":230,"column":109}},"80":{"start":{"line":230,"column":50},"end":{"line":230,"column":108}},"81":{"start":{"line":232,"column":8},"end":{"line":252,"column":15}},"82":{"start":{"line":233,"column":12},"end":{"line":240,"column":13}},"83":{"start":{"line":234,"column":16},"end":{"line":239,"column":19}},"84":{"start":{"line":235,"column":20},"end":{"line":238,"column":22}},"85":{"start":{"line":241,"column":12},"end":{"line":250,"column":13}},"86":{"start":{"line":242,"column":35},"end":{"line":242,"column":79}},"87":{"start":{"line":243,"column":16},"end":{"line":249,"column":17}},"88":{"start":{"line":244,"column":39},"end":{"line":244,"column":67}},"89":{"start":{"line":245,"column":20},"end":{"line":248,"column":22}},"90":{"start":{"line":251,"column":12},"end":{"line":251,"column":25}},"91":{"start":{"line":257,"column":8},"end":{"line":259,"column":9}},"92":{"start":{"line":258,"column":12},"end":{"line":258,"column":42}},"93":{"start":{"line":261,"column":8},"end":{"line":268,"column":9}},"94":{"start":{"line":262,"column":12},"end":{"line":267,"column":13}},"95":{"start":{"line":263,"column":35},"end":{"line":263,"column":67}},"96":{"start":{"line":264,"column":16},"end":{"line":266,"column":17}},"97":{"start":{"line":265,"column":20},"end":{"line":265,"column":38}},"98":{"start":{"line":269,"column":8},"end":{"line":269,"column":21}},"99":{"start":{"line":274,"column":27},"end":{"line":279,"column":9}},"100":{"start":{"line":275,"column":12},"end":{"line":278,"column":null}},"101":{"start":{"line":283,"column":8},"end":{"line":290,"column":9}},"102":{"start":{"line":283,"column":21},"end":{"line":283,"column":22}},"103":{"start":{"line":284,"column":12},"end":{"line":288,"column":13}},"104":{"start":{"line":285,"column":16},"end":{"line":287,"column":17}},"105":{"start":{"line":286,"column":20},"end":{"line":286,"column":32}},"106":{"start":{"line":289,"column":12},"end":{"line":289,"column":18}},"107":{"start":{"line":293,"column":27},"end":{"line":293,"column":85}},"108":{"start":{"line":293,"column":49},"end":{"line":293,"column":84}},"109":{"start":{"line":294,"column":8},"end":{"line":294,"column":50}},"110":{"start":{"line":294,"column":37},"end":{"line":294,"column":50}},"111":{"start":{"line":297,"column":29},"end":{"line":344,"column":9}},"112":{"start":{"line":298,"column":29},"end":{"line":317,"column":null}},"113":{"start":{"line":318,"column":12},"end":{"line":342,"column":13}},"114":{"start":{"line":319,"column":16},"end":{"line":328,"column":17}},"115":{"start":{"line":320,"column":37},"end":{"line":320,"column":77}},"116":{"start":{"line":321,"column":20},"end":{"line":323,"column":21}},"117":{"start":{"line":322,"column":24},"end":{"line":322,"column":36}},"118":{"start":{"line":326,"column":34},"end":{"line":326,"column":49}},"119":{"start":{"line":327,"column":20},"end":{"line":327,"column":65}},"120":{"start":{"line":330,"column":17},"end":{"line":342,"column":13}},"121":{"start":{"line":331,"column":16},"end":{"line":341,"column":17}},"122":{"start":{"line":332,"column":39},"end":{"line":332,"column":68}},"123":{"start":{"line":333,"column":20},"end":{"line":333,"column":63}},"124":{"start":{"line":333,"column":50},"end":{"line":333,"column":63}},"125":{"start":{"line":334,"column":20},"end":{"line":336,"column":21}},"126":{"start":{"line":335,"column":24},"end":{"line":335,"column":36}},"127":{"start":{"line":339,"column":34},"end":{"line":339,"column":49}},"128":{"start":{"line":340,"column":20},"end":{"line":340,"column":65}},"129":{"start":{"line":343,"column":12},"end":{"line":343,"column":25}},"130":{"start":{"line":346,"column":8},"end":{"line":378,"column":9}},"131":{"start":{"line":347,"column":30},"end":{"line":347,"column":77}},"132":{"start":{"line":348,"column":12},"end":{"line":348,"column":54}},"133":{"start":{"line":348,"column":41},"end":{"line":348,"column":54}},"134":{"start":{"line":350,"column":28},"end":{"line":350,"column":33}},"135":{"start":{"line":351,"column":12},"end":{"line":354,"column":13}},"136":{"start":{"line":351,"column":25},"end":{"line":351,"column":26}},"137":{"start":{"line":352,"column":16},"end":{"line":352,"column":43}},"138":{"start":{"line":352,"column":31},"end":{"line":352,"column":43}},"139":{"start":{"line":353,"column":16},"end":{"line":353,"column":55}},"140":{"start":{"line":355,"column":12},"end":{"line":355,"column":29}},"141":{"start":{"line":357,"column":13},"end":{"line":378,"column":9}},"142":{"start":{"line":359,"column":12},"end":{"line":369,"column":13}},"143":{"start":{"line":359,"column":25},"end":{"line":359,"column":26}},"144":{"start":{"line":360,"column":16},"end":{"line":368,"column":17}},"145":{"start":{"line":361,"column":20},"end":{"line":363,"column":21}},"146":{"start":{"line":362,"column":24},"end":{"line":362,"column":81}},"147":{"start":{"line":366,"column":34},"end":{"line":366,"column":49}},"148":{"start":{"line":367,"column":20},"end":{"line":367,"column":65}},"149":{"start":{"line":371,"column":12},"end":{"line":371,"column":54}},"150":{"start":{"line":371,"column":41},"end":{"line":371,"column":54}},"151":{"start":{"line":372,"column":28},"end":{"line":372,"column":33}},"152":{"start":{"line":373,"column":12},"end":{"line":376,"column":13}},"153":{"start":{"line":373,"column":25},"end":{"line":373,"column":26}},"154":{"start":{"line":374,"column":16},"end":{"line":374,"column":43}},"155":{"start":{"line":374,"column":31},"end":{"line":374,"column":43}},"156":{"start":{"line":375,"column":16},"end":{"line":375,"column":55}},"157":{"start":{"line":377,"column":12},"end":{"line":377,"column":29}},"158":{"start":{"line":388,"column":46},"end":{"line":388,"column":48}},"159":{"start":{"line":389,"column":44},"end":{"line":389,"column":46}},"160":{"start":{"line":392,"column":8},"end":{"line":425,"column":9}},"161":{"start":{"line":392,"column":21},"end":{"line":392,"column":22}},"162":{"start":{"line":394,"column":12},"end":{"line":424,"column":13}},"163":{"start":{"line":399,"column":16},"end":{"line":399,"column":41}},"164":{"start":{"line":400,"column":16},"end":{"line":400,"column":59}},"165":{"start":{"line":401,"column":16},"end":{"line":407,"column":18}},"166":{"start":{"line":410,"column":19},"end":{"line":424,"column":13}},"167":{"start":{"line":416,"column":16},"end":{"line":416,"column":41}},"168":{"start":{"line":417,"column":16},"end":{"line":423,"column":18}},"169":{"start":{"line":426,"column":8},"end":{"line":426,"column":41}},"170":{"start":{"line":436,"column":8},"end":{"line":466,"column":9}},"171":{"start":{"line":437,"column":12},"end":{"line":437,"column":48}},"172":{"start":{"line":438,"column":12},"end":{"line":441,"column":14}},"173":{"start":{"line":444,"column":12},"end":{"line":465,"column":14}},"174":{"start":{"line":467,"column":8},"end":{"line":467,"column":24}},"175":{"start":{"line":474,"column":27},"end":{"line":474,"column":29}},"176":{"start":{"line":475,"column":8},"end":{"line":483,"column":9}},"177":{"start":{"line":476,"column":12},"end":{"line":481,"column":13}},"178":{"start":{"line":480,"column":16},"end":{"line":480,"column":49}},"179":{"start":{"line":482,"column":12},"end":{"line":482,"column":19}},"180":{"start":{"line":484,"column":8},"end":{"line":484,"column":21}},"181":{"start":{"line":490,"column":28},"end":{"line":490,"column":33}},"182":{"start":{"line":492,"column":8},"end":{"line":500,"column":11}},"183":{"start":{"line":493,"column":12},"end":{"line":499,"column":13}},"184":{"start":{"line":497,"column":16},"end":{"line":497,"column":37}},"185":{"start":{"line":498,"column":16},"end":{"line":498,"column":35}},"186":{"start":{"line":502,"column":8},"end":{"line":504,"column":9}},"187":{"start":{"line":503,"column":12},"end":{"line":503,"column":25}},"188":{"start":{"line":507,"column":8},"end":{"line":515,"column":9}},"189":{"start":{"line":507,"column":21},"end":{"line":507,"column":22}},"190":{"start":{"line":508,"column":12},"end":{"line":514,"column":13}},"191":{"start":{"line":513,"column":16},"end":{"line":513,"column":28}},"192":{"start":{"line":516,"column":8},"end":{"line":516,"column":21}}},"fnMap":{"0":{"name":"(anonymous_0)","decl":{"start":{"line":13,"column":4},"end":{"line":13,"column":16}},"loc":{"start":{"line":13,"column":32},"end":{"line":34,"column":5}}},"1":{"name":"(anonymous_1)","decl":{"start":{"line":37,"column":11},"end":{"line":37,"column":16}},"loc":{"start":{"line":37,"column":16},"end":{"line":61,"column":5}}},"2":{"name":"(anonymous_2)","decl":{"start":{"line":63,"column":11},"end":{"line":63,"column":18}},"loc":{"start":{"line":63,"column":18},"end":{"line":65,"column":5}}},"3":{"name":"(anonymous_3)","decl":{"start":{"line":68,"column":11},"end":{"line":68,"column":18}},"loc":{"start":{"line":68,"column":29},"end":{"line":71,"column":5}}},"4":{"name":"(anonymous_4)","decl":{"start":{"line":73,"column":11},"end":{"line":73,"column":21}},"loc":{"start":{"line":73,"column":38},"end":{"line":110,"column":5}}},"5":{"name":"(anonymous_5)","decl":{"start":{"line":76,"column":30},"end":{"line":76,"column":31}},"loc":{"start":{"line":76,"column":51},"end":{"line":79,"column":9}}},"6":{"name":"(anonymous_6)","decl":{"start":{"line":81,"column":28},"end":{"line":81,"column":29}},"loc":{"start":{"line":81,"column":50},"end":{"line":92,"column":9}}},"7":{"name":"(anonymous_7)","decl":{"start":{"line":94,"column":25},"end":{"line":94,"column":26}},"loc":{"start":{"line":94,"column":46},"end":{"line":106,"column":9}}},"8":{"name":"(anonymous_8)","decl":{"start":{"line":96,"column":38},"end":{"line":96,"column":39}},"loc":{"start":{"line":96,"column":48},"end":{"line":98,"column":17}}},"9":{"name":"(anonymous_9)","decl":{"start":{"line":113,"column":11},"end":{"line":113,"column":21}},"loc":{"start":{"line":113,"column":51},"end":{"line":122,"column":5}}},"10":{"name":"(anonymous_10)","decl":{"start":{"line":114,"column":25},"end":{"line":114,"column":26}},"loc":{"start":{"line":114,"column":69},"end":{"line":118,"column":9}}},"11":{"name":"(anonymous_11)","decl":{"start":{"line":125,"column":12},"end":{"line":125,"column":24}},"loc":{"start":{"line":125,"column":79},"end":{"line":135,"column":5}}},"12":{"name":"(anonymous_12)","decl":{"start":{"line":132,"column":30},"end":{"line":132,"column":31}},"loc":{"start":{"line":132,"column":44},"end":{"line":134,"column":9}}},"13":{"name":"(anonymous_13)","decl":{"start":{"line":138,"column":12},"end":{"line":138,"column":18}},"loc":{"start":{"line":138,"column":38},"end":{"line":209,"column":5}}},"14":{"name":"(anonymous_14)","decl":{"start":{"line":207,"column":39},"end":{"line":207,"column":40}},"loc":{"start":{"line":207,"column":50},"end":{"line":207,"column":68}}},"15":{"name":"(anonymous_15)","decl":{"start":{"line":212,"column":12},"end":{"line":212,"column":23}},"loc":{"start":{"line":212,"column":43},"end":{"line":224,"column":5}}},"16":{"name":"(anonymous_16)","decl":{"start":{"line":220,"column":38},"end":{"line":220,"column":39}},"loc":{"start":{"line":220,"column":51},"end":{"line":220,"column":71}}},"17":{"name":"(anonymous_17)","decl":{"start":{"line":229,"column":12},"end":{"line":229,"column":22}},"loc":{"start":{"line":229,"column":53},"end":{"line":253,"column":5}}},"18":{"name":"(anonymous_18)","decl":{"start":{"line":230,"column":40},"end":{"line":230,"column":41}},"loc":{"start":{"line":230,"column":50},"end":{"line":230,"column":108}}},"19":{"name":"(anonymous_19)","decl":{"start":{"line":232,"column":34},"end":{"line":232,"column":35}},"loc":{"start":{"line":232,"column":50},"end":{"line":252,"column":9}}},"20":{"name":"(anonymous_20)","decl":{"start":{"line":234,"column":40},"end":{"line":234,"column":41}},"loc":{"start":{"line":234,"column":64},"end":{"line":239,"column":17}}},"21":{"name":"(anonymous_21)","decl":{"start":{"line":255,"column":12},"end":{"line":255,"column":29}},"loc":{"start":{"line":255,"column":57},"end":{"line":270,"column":5}}},"22":{"name":"(anonymous_22)","decl":{"start":{"line":273,"column":12},"end":{"line":273,"column":28}},"loc":{"start":{"line":273,"column":96},"end":{"line":379,"column":5}}},"23":{"name":"(anonymous_23)","decl":{"start":{"line":274,"column":27},"end":{"line":274,"column":28}},"loc":{"start":{"line":274,"column":35},"end":{"line":279,"column":9}}},"24":{"name":"(anonymous_24)","decl":{"start":{"line":293,"column":39},"end":{"line":293,"column":40}},"loc":{"start":{"line":293,"column":49},"end":{"line":293,"column":84}}},"25":{"name":"(anonymous_25)","decl":{"start":{"line":297,"column":29},"end":{"line":297,"column":30}},"loc":{"start":{"line":297,"column":38},"end":{"line":344,"column":9}}},"26":{"name":"(anonymous_26)","decl":{"start":{"line":382,"column":12},"end":{"line":382,"column":26}},"loc":{"start":{"line":385,"column":24},"end":{"line":427,"column":5}}},"27":{"name":"(anonymous_27)","decl":{"start":{"line":429,"column":12},"end":{"line":429,"column":25}},"loc":{"start":{"line":434,"column":41},"end":{"line":468,"column":5}}},"28":{"name":"(anonymous_28)","decl":{"start":{"line":471,"column":12},"end":{"line":471,"column":23}},"loc":{"start":{"line":472,"column":17},"end":{"line":485,"column":5}}},"29":{"name":"(anonymous_29)","decl":{"start":{"line":488,"column":12},"end":{"line":488,"column":25}},"loc":{"start":{"line":488,"column":65},"end":{"line":517,"column":5}}},"30":{"name":"(anonymous_30)","decl":{"start":{"line":492,"column":40},"end":{"line":492,"column":41}},"loc":{"start":{"line":492,"column":48},"end":{"line":500,"column":9}}}},"branchMap":{"0":{"loc":{"start":{"line":16,"column":8},"end":{"line":31,"column":9}},"type":"if","locations":[{"start":{"line":16,"column":8},"end":{"line":31,"column":9}},{"start":{"line":22,"column":15},"end":{"line":31,"column":9}}]},"1":{"loc":{"start":{"line":16,"column":12},"end":{"line":16,"column":75}},"type":"binary-expr","locations":[{"start":{"line":16,"column":12},"end":{"line":16,"column":40}},{"start":{"line":16,"column":44},"end":{"line":16,"column":75}}]},"2":{"loc":{"start":{"line":22,"column":15},"end":{"line":31,"column":9}},"type":"if","locations":[{"start":{"line":22,"column":15},"end":{"line":31,"column":9}}]},"3":{"loc":{"start":{"line":23,"column":12},"end":{"line":24,"column":46}},"type":"binary-expr","locations":[{"start":{"line":23,"column":12},"end":{"line":23,"column":40}},{"start":{"line":24,"column":12},"end":{"line":24,"column":46}}]},"4":{"loc":{"start":{"line":84,"column":16},"end":{"line":90,"column":17}},"type":"if","locations":[{"start":{"line":84,"column":16},"end":{"line":90,"column":17}}]},"5":{"loc":{"start":{"line":85,"column":20},"end":{"line":87,"column":36}},"type":"binary-expr","locations":[{"start":{"line":85,"column":20},"end":{"line":85,"column":48}},{"start":{"line":86,"column":20},"end":{"line":86,"column":54}},{"start":{"line":87,"column":20},"end":{"line":87,"column":36}}]},"6":{"loc":{"start":{"line":95,"column":12},"end":{"line":105,"column":13}},"type":"if","locations":[{"start":{"line":95,"column":12},"end":{"line":105,"column":13}}]},"7":{"loc":{"start":{"line":115,"column":12},"end":{"line":117,"column":13}},"type":"if","locations":[{"start":{"line":115,"column":12},"end":{"line":117,"column":13}}]},"8":{"loc":{"start":{"line":125,"column":45},"end":{"line":125,"column":79}},"type":"default-arg","locations":[{"start":{"line":125,"column":70},"end":{"line":125,"column":79}}]},"9":{"loc":{"start":{"line":126,"column":8},"end":{"line":128,"column":9}},"type":"if","locations":[{"start":{"line":126,"column":8},"end":{"line":128,"column":9}}]},"10":{"loc":{"start":{"line":140,"column":8},"end":{"line":149,"column":9}},"type":"if","locations":[{"start":{"line":140,"column":8},"end":{"line":149,"column":9}}]},"11":{"loc":{"start":{"line":142,"column":12},"end":{"line":147,"column":13}},"type":"if","locations":[{"start":{"line":142,"column":12},"end":{"line":147,"column":13}}]},"12":{"loc":{"start":{"line":143,"column":16},"end":{"line":144,"column":57}},"type":"binary-expr","locations":[{"start":{"line":143,"column":16},"end":{"line":143,"column":61}},{"start":{"line":144,"column":16},"end":{"line":144,"column":57}}]},"13":{"loc":{"start":{"line":153,"column":8},"end":{"line":156,"column":9}},"type":"if","locations":[{"start":{"line":153,"column":8},"end":{"line":156,"column":9}}]},"14":{"loc":{"start":{"line":159,"column":8},"end":{"line":161,"column":9}},"type":"if","locations":[{"start":{"line":159,"column":8},"end":{"line":161,"column":9}}]},"15":{"loc":{"start":{"line":186,"column":8},"end":{"line":190,"column":9}},"type":"if","locations":[{"start":{"line":186,"column":8},"end":{"line":190,"column":9}},{"start":{"line":188,"column":15},"end":{"line":190,"column":9}}]},"16":{"loc":{"start":{"line":193,"column":8},"end":{"line":199,"column":9}},"type":"if","locations":[{"start":{"line":193,"column":8},"end":{"line":199,"column":9}}]},"17":{"loc":{"start":{"line":202,"column":8},"end":{"line":204,"column":9}},"type":"if","locations":[{"start":{"line":202,"column":8},"end":{"line":204,"column":9}}]},"18":{"loc":{"start":{"line":216,"column":8},"end":{"line":222,"column":9}},"type":"if","locations":[{"start":{"line":216,"column":8},"end":{"line":222,"column":9}}]},"19":{"loc":{"start":{"line":221,"column":12},"end":{"line":221,"column":80}},"type":"cond-expr","locations":[{"start":{"line":221,"column":24},"end":{"line":221,"column":72}},{"start":{"line":221,"column":76},"end":{"line":221,"column":80}}]},"20":{"loc":{"start":{"line":230,"column":50},"end":{"line":230,"column":108}},"type":"binary-expr","locations":[{"start":{"line":230,"column":50},"end":{"line":230,"column":83}},{"start":{"line":230,"column":87},"end":{"line":230,"column":108}}]},"21":{"loc":{"start":{"line":233,"column":12},"end":{"line":240,"column":13}},"type":"if","locations":[{"start":{"line":233,"column":12},"end":{"line":240,"column":13}}]},"22":{"loc":{"start":{"line":237,"column":36},"end":{"line":237,"column":73}},"type":"cond-expr","locations":[{"start":{"line":237,"column":47},"end":{"line":237,"column":60}},{"start":{"line":237,"column":63},"end":{"line":237,"column":73}}]},"23":{"loc":{"start":{"line":241,"column":12},"end":{"line":250,"column":13}},"type":"if","locations":[{"start":{"line":241,"column":12},"end":{"line":250,"column":13}}]},"24":{"loc":{"start":{"line":241,"column":16},"end":{"line":241,"column":72}},"type":"binary-expr","locations":[{"start":{"line":241,"column":16},"end":{"line":241,"column":51}},{"start":{"line":241,"column":55},"end":{"line":241,"column":72}}]},"25":{"loc":{"start":{"line":243,"column":16},"end":{"line":249,"column":17}},"type":"if","locations":[{"start":{"line":243,"column":16},"end":{"line":249,"column":17}}]},"26":{"loc":{"start":{"line":257,"column":8},"end":{"line":259,"column":9}},"type":"if","locations":[{"start":{"line":257,"column":8},"end":{"line":259,"column":9}}]},"27":{"loc":{"start":{"line":257,"column":12},"end":{"line":257,"column":72}},"type":"binary-expr","locations":[{"start":{"line":257,"column":12},"end":{"line":257,"column":40}},{"start":{"line":257,"column":44},"end":{"line":257,"column":72}}]},"28":{"loc":{"start":{"line":262,"column":12},"end":{"line":267,"column":13}},"type":"if","locations":[{"start":{"line":262,"column":12},"end":{"line":267,"column":13}}]},"29":{"loc":{"start":{"line":262,"column":16},"end":{"line":262,"column":83}},"type":"binary-expr","locations":[{"start":{"line":262,"column":16},"end":{"line":262,"column":39}},{"start":{"line":262,"column":43},"end":{"line":262,"column":71}},{"start":{"line":262,"column":75},"end":{"line":262,"column":83}}]},"30":{"loc":{"start":{"line":264,"column":16},"end":{"line":266,"column":17}},"type":"if","locations":[{"start":{"line":264,"column":16},"end":{"line":266,"column":17}}]},"31":{"loc":{"start":{"line":284,"column":12},"end":{"line":288,"column":13}},"type":"if","locations":[{"start":{"line":284,"column":12},"end":{"line":288,"column":13}}]},"32":{"loc":{"start":{"line":285,"column":16},"end":{"line":287,"column":17}},"type":"if","locations":[{"start":{"line":285,"column":16},"end":{"line":287,"column":17}}]},"33":{"loc":{"start":{"line":285,"column":20},"end":{"line":285,"column":116}},"type":"binary-expr","locations":[{"start":{"line":285,"column":20},"end":{"line":285,"column":64}},{"start":{"line":285,"column":68},"end":{"line":285,"column":116}}]},"34":{"loc":{"start":{"line":294,"column":8},"end":{"line":294,"column":50}},"type":"if","locations":[{"start":{"line":294,"column":8},"end":{"line":294,"column":50}}]},"35":{"loc":{"start":{"line":318,"column":12},"end":{"line":342,"column":13}},"type":"if","locations":[{"start":{"line":318,"column":12},"end":{"line":342,"column":13}},{"start":{"line":330,"column":17},"end":{"line":342,"column":13}}]},"36":{"loc":{"start":{"line":320,"column":37},"end":{"line":320,"column":77}},"type":"cond-expr","locations":[{"start":{"line":320,"column":71},"end":{"line":320,"column":73}},{"start":{"line":320,"column":71},"end":{"line":320,"column":77}}]},"37":{"loc":{"start":{"line":320,"column":37},"end":{"line":320,"column":73}},"type":"binary-expr","locations":[{"start":{"line":320,"column":37},"end":{"line":320,"column":73}},{"start":{"line":320,"column":71},"end":{"line":320,"column":73}}]},"38":{"loc":{"start":{"line":320,"column":37},"end":{"line":320,"column":71}},"type":"cond-expr","locations":[{"start":{"line":320,"column":63},"end":{"line":320,"column":65}},{"start":{"line":320,"column":63},"end":{"line":320,"column":71}}]},"39":{"loc":{"start":{"line":320,"column":37},"end":{"line":320,"column":65}},"type":"binary-expr","locations":[{"start":{"line":320,"column":37},"end":{"line":320,"column":65}},{"start":{"line":320,"column":63},"end":{"line":320,"column":65}}]},"40":{"loc":{"start":{"line":320,"column":37},"end":{"line":320,"column":63}},"type":"cond-expr","locations":[{"start":{"line":320,"column":57},"end":{"line":320,"column":59}},{"start":{"line":320,"column":57},"end":{"line":320,"column":63}}]},"41":{"loc":{"start":{"line":320,"column":37},"end":{"line":320,"column":59}},"type":"binary-expr","locations":[{"start":{"line":320,"column":37},"end":{"line":320,"column":59}},{"start":{"line":320,"column":57},"end":{"line":320,"column":59}}]},"42":{"loc":{"start":{"line":321,"column":20},"end":{"line":323,"column":21}},"type":"if","locations":[{"start":{"line":321,"column":20},"end":{"line":323,"column":21}}]},"43":{"loc":{"start":{"line":321,"column":24},"end":{"line":321,"column":127}},"type":"binary-expr","locations":[{"start":{"line":321,"column":24},"end":{"line":321,"column":59}},{"start":{"line":321,"column":64},"end":{"line":321,"column":94}},{"start":{"line":321,"column":98},"end":{"line":321,"column":126}}]},"44":{"loc":{"start":{"line":330,"column":17},"end":{"line":342,"column":13}},"type":"if","locations":[{"start":{"line":330,"column":17},"end":{"line":342,"column":13}}]},"45":{"loc":{"start":{"line":332,"column":39},"end":{"line":332,"column":68}},"type":"cond-expr","locations":[{"start":{"line":332,"column":62},"end":{"line":332,"column":64}},{"start":{"line":332,"column":62},"end":{"line":332,"column":68}}]},"46":{"loc":{"start":{"line":332,"column":39},"end":{"line":332,"column":64}},"type":"binary-expr","locations":[{"start":{"line":332,"column":39},"end":{"line":332,"column":64}},{"start":{"line":332,"column":62},"end":{"line":332,"column":64}}]},"47":{"loc":{"start":{"line":332,"column":39},"end":{"line":332,"column":62}},"type":"cond-expr","locations":[{"start":{"line":332,"column":54},"end":{"line":332,"column":56}},{"start":{"line":332,"column":54},"end":{"line":332,"column":62}}]},"48":{"loc":{"start":{"line":332,"column":39},"end":{"line":332,"column":56}},"type":"binary-expr","locations":[{"start":{"line":332,"column":39},"end":{"line":332,"column":56}},{"start":{"line":332,"column":54},"end":{"line":332,"column":56}}]},"49":{"loc":{"start":{"line":333,"column":20},"end":{"line":333,"column":63}},"type":"if","locations":[{"start":{"line":333,"column":20},"end":{"line":333,"column":63}}]},"50":{"loc":{"start":{"line":334,"column":20},"end":{"line":336,"column":21}},"type":"if","locations":[{"start":{"line":334,"column":20},"end":{"line":336,"column":21}}]},"51":{"loc":{"start":{"line":334,"column":24},"end":{"line":334,"column":127}},"type":"binary-expr","locations":[{"start":{"line":334,"column":24},"end":{"line":334,"column":59}},{"start":{"line":334,"column":64},"end":{"line":334,"column":94}},{"start":{"line":334,"column":98},"end":{"line":334,"column":126}}]},"52":{"loc":{"start":{"line":346,"column":8},"end":{"line":378,"column":9}},"type":"if","locations":[{"start":{"line":346,"column":8},"end":{"line":378,"column":9}},{"start":{"line":357,"column":13},"end":{"line":378,"column":9}}]},"53":{"loc":{"start":{"line":347,"column":30},"end":{"line":347,"column":77}},"type":"cond-expr","locations":[{"start":{"line":347,"column":71},"end":{"line":347,"column":73}},{"start":{"line":347,"column":71},"end":{"line":347,"column":77}}]},"54":{"loc":{"start":{"line":347,"column":30},"end":{"line":347,"column":73}},"type":"binary-expr","locations":[{"start":{"line":347,"column":30},"end":{"line":347,"column":73}},{"start":{"line":347,"column":71},"end":{"line":347,"column":73}}]},"55":{"loc":{"start":{"line":347,"column":30},"end":{"line":347,"column":71}},"type":"cond-expr","locations":[{"start":{"line":347,"column":65},"end":{"line":347,"column":67}},{"start":{"line":347,"column":65},"end":{"line":347,"column":71}}]},"56":{"loc":{"start":{"line":347,"column":30},"end":{"line":347,"column":67}},"type":"binary-expr","locations":[{"start":{"line":347,"column":30},"end":{"line":347,"column":67}},{"start":{"line":347,"column":65},"end":{"line":347,"column":67}}]},"57":{"loc":{"start":{"line":347,"column":30},"end":{"line":347,"column":65}},"type":"cond-expr","locations":[{"start":{"line":347,"column":59},"end":{"line":347,"column":61}},{"start":{"line":347,"column":59},"end":{"line":347,"column":65}}]},"58":{"loc":{"start":{"line":347,"column":30},"end":{"line":347,"column":61}},"type":"binary-expr","locations":[{"start":{"line":347,"column":30},"end":{"line":347,"column":61}},{"start":{"line":347,"column":59},"end":{"line":347,"column":61}}]},"59":{"loc":{"start":{"line":348,"column":12},"end":{"line":348,"column":54}},"type":"if","locations":[{"start":{"line":348,"column":12},"end":{"line":348,"column":54}}]},"60":{"loc":{"start":{"line":352,"column":16},"end":{"line":352,"column":43}},"type":"if","locations":[{"start":{"line":352,"column":16},"end":{"line":352,"column":43}}]},"61":{"loc":{"start":{"line":357,"column":13},"end":{"line":378,"column":9}},"type":"if","locations":[{"start":{"line":357,"column":13},"end":{"line":378,"column":9}}]},"62":{"loc":{"start":{"line":361,"column":20},"end":{"line":363,"column":21}},"type":"if","locations":[{"start":{"line":361,"column":20},"end":{"line":363,"column":21}}]},"63":{"loc":{"start":{"line":361,"column":24},"end":{"line":361,"column":71}},"type":"cond-expr","locations":[{"start":{"line":361,"column":65},"end":{"line":361,"column":67}},{"start":{"line":361,"column":65},"end":{"line":361,"column":71}}]},"64":{"loc":{"start":{"line":361,"column":24},"end":{"line":361,"column":67}},"type":"binary-expr","locations":[{"start":{"line":361,"column":24},"end":{"line":361,"column":67}},{"start":{"line":361,"column":65},"end":{"line":361,"column":67}}]},"65":{"loc":{"start":{"line":361,"column":24},"end":{"line":361,"column":65}},"type":"cond-expr","locations":[{"start":{"line":361,"column":59},"end":{"line":361,"column":61}},{"start":{"line":361,"column":59},"end":{"line":361,"column":65}}]},"66":{"loc":{"start":{"line":361,"column":24},"end":{"line":361,"column":61}},"type":"binary-expr","locations":[{"start":{"line":361,"column":24},"end":{"line":361,"column":61}},{"start":{"line":361,"column":59},"end":{"line":361,"column":61}}]},"67":{"loc":{"start":{"line":361,"column":24},"end":{"line":361,"column":59}},"type":"cond-expr","locations":[{"start":{"line":361,"column":53},"end":{"line":361,"column":55}},{"start":{"line":361,"column":53},"end":{"line":361,"column":59}}]},"68":{"loc":{"start":{"line":361,"column":24},"end":{"line":361,"column":55}},"type":"binary-expr","locations":[{"start":{"line":361,"column":24},"end":{"line":361,"column":55}},{"start":{"line":361,"column":53},"end":{"line":361,"column":55}}]},"69":{"loc":{"start":{"line":371,"column":12},"end":{"line":371,"column":54}},"type":"if","locations":[{"start":{"line":371,"column":12},"end":{"line":371,"column":54}}]},"70":{"loc":{"start":{"line":374,"column":16},"end":{"line":374,"column":43}},"type":"if","locations":[{"start":{"line":374,"column":16},"end":{"line":374,"column":43}}]},"71":{"loc":{"start":{"line":394,"column":12},"end":{"line":424,"column":13}},"type":"if","locations":[{"start":{"line":394,"column":12},"end":{"line":424,"column":13}},{"start":{"line":410,"column":19},"end":{"line":424,"column":13}}]},"72":{"loc":{"start":{"line":395,"column":16},"end":{"line":397,"column":50}},"type":"binary-expr","locations":[{"start":{"line":395,"column":16},"end":{"line":395,"column":57}},{"start":{"line":396,"column":16},"end":{"line":396,"column":57}},{"start":{"line":397,"column":16},"end":{"line":397,"column":50}}]},"73":{"loc":{"start":{"line":410,"column":19},"end":{"line":424,"column":13}},"type":"if","locations":[{"start":{"line":410,"column":19},"end":{"line":424,"column":13}}]},"74":{"loc":{"start":{"line":411,"column":16},"end":{"line":414,"column":50}},"type":"binary-expr","locations":[{"start":{"line":411,"column":16},"end":{"line":411,"column":53}},{"start":{"line":412,"column":17},"end":{"line":412,"column":51}},{"start":{"line":413,"column":20},"end":{"line":413,"column":53}},{"start":{"line":414,"column":16},"end":{"line":414,"column":50}}]},"75":{"loc":{"start":{"line":436,"column":8},"end":{"line":466,"column":9}},"type":"if","locations":[{"start":{"line":436,"column":8},"end":{"line":466,"column":9}},{"start":{"line":442,"column":15},"end":{"line":466,"column":9}}]},"76":{"loc":{"start":{"line":476,"column":12},"end":{"line":481,"column":13}},"type":"if","locations":[{"start":{"line":476,"column":12},"end":{"line":481,"column":13}}]},"77":{"loc":{"start":{"line":477,"column":16},"end":{"line":478,"column":46}},"type":"binary-expr","locations":[{"start":{"line":477,"column":16},"end":{"line":477,"column":53}},{"start":{"line":478,"column":16},"end":{"line":478,"column":46}}]},"78":{"loc":{"start":{"line":493,"column":12},"end":{"line":499,"column":13}},"type":"if","locations":[{"start":{"line":493,"column":12},"end":{"line":499,"column":13}}]},"79":{"loc":{"start":{"line":494,"column":16},"end":{"line":495,"column":56}},"type":"binary-expr","locations":[{"start":{"line":494,"column":16},"end":{"line":494,"column":60}},{"start":{"line":495,"column":16},"end":{"line":495,"column":56}}]},"80":{"loc":{"start":{"line":502,"column":8},"end":{"line":504,"column":9}},"type":"if","locations":[{"start":{"line":502,"column":8},"end":{"line":504,"column":9}}]},"81":{"loc":{"start":{"line":508,"column":12},"end":{"line":514,"column":13}},"type":"if","locations":[{"start":{"line":508,"column":12},"end":{"line":514,"column":13}}]},"82":{"loc":{"start":{"line":509,"column":16},"end":{"line":511,"column":55}},"type":"binary-expr","locations":[{"start":{"line":509,"column":16},"end":{"line":509,"column":52}},{"start":{"line":510,"column":16},"end":{"line":510,"column":57}},{"start":{"line":511,"column":16},"end":{"line":511,"column":55}}]}},"s":{"0":0,"1":0,"2":0,"3":0,"4":0,"5":0,"6":0,"7":0,"8":0,"9":0,"10":0,"11":0,"12":0,"13":0,"14":0,"15":0,"16":0,"17":0,"18":0,"19":0,"20":0,"21":0,"22":0,"23":0,"24":0,"25":0,"26":0,"27":0,"28":0,"29":0,"30":0,"31":0,"32":0,"33":0,"34":0,"35":0,"36":0,"37":0,"38":0,"39":0,"40":0,"41":0,"42":0,"43":0,"44":0,"45":0,"46":0,"47":0,"48":0,"49":0,"50":0,"51":0,"52":0,"53":0,"54":0,"55":0,"56":0,"57":0,"58":0,"59":0,"60":0,"61":0,"62":0,"63":0,"64":0,"65":0,"66":0,"67":0,"68":0,"69":0,"70":0,"71":0,"72":0,"73":0,"74":0,"75":0,"76":0,"77":0,"78":0,"79":0,"80":0,"81":0,"82":0,"83":0,"84":0,"85":0,"86":0,"87":0,"88":0,"89":0,"90":0,"91":0,"92":0,"93":0,"94":0,"95":0,"96":0,"97":0,"98":0,"99":0,"100":0,"101":0,"102":0,"103":0,"104":0,"105":0,"106":0,"107":0,"108":0,"109":0,"110":0,"111":0,"112":0,"113":0,"114":0,"115":0,"116":0,"117":0,"118":0,"119":0,"120":0,"121":0,"122":0,"123":0,"124":0,"125":0,"126":0,"127":0,"128":0,"129":0,"130":0,"131":0,"132":0,"133":0,"134":0,"135":0,"136":0,"137":0,"138":0,"139":0,"140":0,"141":0,"142":0,"143":0,"144":0,"145":0,"146":0,"147":0,"148":0,"149":0,"150":0,"151":0,"152":0,"153":0,"154":0,"155":0,"156":0,"157":0,"158":0,"159":0,"160":0,"161":0,"162":0,"163":0,"164":0,"165":0,"166":0,"167":0,"168":0,"169":0,"170":0,"171":0,"172":0,"173":0,"174":0,"175":0,"176":0,"177":0,"178":0,"179":0,"180":0,"181":0,"182":0,"183":0,"184":0,"185":0,"186":0,"187":0,"188":0,"189":0,"190":0,"191":0,"192":0},"f":{"0":0,"1":0,"2":0,"3":0,"4":0,"5":0,"6":0,"7":0,"8":0,"9":0,"10":0,"11":0,"12":0,"13":0,"14":0,"15":0,"16":0,"17":0,"18":0,"19":0,"20":0,"21":0,"22":0,"23":0,"24":0,"25":0,"26":0,"27":0,"28":0,"29":0,"30":0},"b":{"0":[0,0],"1":[0,0],"2":[0],"3":[0,0],"4":[0],"5":[0,0,0],"6":[0],"7":[0],"8":[0],"9":[0],"10":[0],"11":[0],"12":[0,0],"13":[0],"14":[0],"15":[0,0],"16":[0],"17":[0],"18":[0],"19":[0,0],"20":[0,0],"21":[0],"22":[0,0],"23":[0],"24":[0,0],"25":[0],"26":[0],"27":[0,0],"28":[0],"29":[0,0,0],"30":[0],"31":[0],"32":[0],"33":[0,0],"34":[0],"35":[0,0],"36":[0,0],"37":[0,0],"38":[0,0],"39":[0,0],"40":[0,0],"41":[0,0],"42":[0],"43":[0,0,0],"44":[0],"45":[0,0],"46":[0,0],"47":[0,0],"48":[0,0],"49":[0],"50":[0],"51":[0,0,0],"52":[0,0],"53":[0,0],"54":[0,0],"55":[0,0],"56":[0,0],"57":[0,0],"58":[0,0],"59":[0],"60":[0],"61":[0],"62":[0],"63":[0,0],"64":[0,0],"65":[0,0],"66":[0,0],"67":[0,0],"68":[0,0],"69":[0],"70":[0],"71":[0,0],"72":[0,0,0],"73":[0],"74":[0,0,0,0],"75":[0,0],"76":[0],"77":[0,0],"78":[0],"79":[0,0],"80":[0],"81":[0],"82":[0,0,0]}}
,"/Users/franciscolopez/Desktop/React-Labyrinth/src/test/runTest.ts": {"path":"/Users/franciscolopez/Desktop/React-Labyrinth/src/test/runTest.ts","statementMap":{"0":{"start":{"line":5,"column":1},"end":{"line":5,"column":58}},"1":{"start":{"line":6,"column":1},"end":{"line":26,"column":2}},"2":{"start":{"line":9,"column":35},"end":{"line":9,"column":68}},"3":{"start":{"line":13,"column":29},"end":{"line":13,"column":69}},"4":{"start":{"line":15,"column":2},"end":{"line":15,"column":57}},"5":{"start":{"line":18,"column":2},"end":{"line":22,"column":5}},"6":{"start":{"line":24,"column":2},"end":{"line":24,"column":44}},"7":{"start":{"line":25,"column":2},"end":{"line":25,"column":18}},"8":{"start":{"line":29,"column":0},"end":{"line":29,"column":7}}},"fnMap":{"0":{"name":"main","decl":{"start":{"line":4,"column":15},"end":{"line":4,"column":19}},"loc":{"start":{"line":4,"column":19},"end":{"line":27,"column":null}}}},"branchMap":{},"s":{"0":0,"1":0,"2":0,"3":0,"4":0,"5":0,"6":0,"7":0,"8":0},"f":{"0":0},"b":{}}
,"/Users/franciscolopez/Desktop/React-Labyrinth/src/test/suite/extension.test.ts": {"path":"/Users/franciscolopez/Desktop/React-Labyrinth/src/test/suite/extension.test.ts","statementMap":{"0":{"start":{"line":8,"column":0},"end":{"line":15,"column":3}},"1":{"start":{"line":10,"column":1},"end":{"line":14,"column":4}},"2":{"start":{"line":11,"column":2},"end":{"line":11,"column":40}},"3":{"start":{"line":12,"column":2},"end":{"line":12,"column":40}},"4":{"start":{"line":13,"column":2},"end":{"line":13,"column":39}}},"fnMap":{"0":{"name":"(anonymous_0)","decl":{"start":{"line":8,"column":33},"end":{"line":8,"column":36}},"loc":{"start":{"line":8,"column":38},"end":{"line":15,"column":1}}},"1":{"name":"(anonymous_1)","decl":{"start":{"line":10,"column":19},"end":{"line":10,"column":22}},"loc":{"start":{"line":10,"column":24},"end":{"line":14,"column":2}}}},"branchMap":{},"s":{"0":0,"1":0,"2":0,"3":0,"4":0},"f":{"0":0,"1":0},"b":{}}
,"/Users/franciscolopez/Desktop/React-Labyrinth/src/test/suite/index.ts": {"path":"/Users/franciscolopez/Desktop/React-Labyrinth/src/test/suite/index.ts","statementMap":{"0":{"start":{"line":6,"column":1},"end":{"line":33,"column":2}},"1":{"start":{"line":7,"column":2},"end":{"line":7,"column":46}},"2":{"start":{"line":9,"column":20},"end":{"line":9,"column":49}},"3":{"start":{"line":10,"column":16},"end":{"line":10,"column":63}},"4":{"start":{"line":12,"column":2},"end":{"line":15,"column":3}},"5":{"start":{"line":13,"column":3},"end":{"line":13,"column":39}},"6":{"start":{"line":14,"column":3},"end":{"line":14,"column":10}},"7":{"start":{"line":17,"column":2},"end":{"line":17,"column":37}},"8":{"start":{"line":19,"column":2},"end":{"line":30,"column":5}},"9":{"start":{"line":19,"column":36},"end":{"line":30,"column":4}},"10":{"start":{"line":20,"column":3},"end":{"line":29,"column":4}},"11":{"start":{"line":21,"column":4},"end":{"line":21,"column":null}},"12":{"start":{"line":22,"column":4},"end":{"line":22,"column":31}},"13":{"start":{"line":23,"column":4},"end":{"line":23,"column":null}},"14":{"start":{"line":24,"column":4},"end":{"line":24,"column":8}},"15":{"start":{"line":25,"column":4},"end":{"line":25,"column":null}},"16":{"start":{"line":27,"column":4},"end":{"line":27,"column":23}},"17":{"start":{"line":28,"column":4},"end":{"line":28,"column":11}},"18":{"start":{"line":32,"column":2},"end":{"line":32,"column":21}}},"fnMap":{"0":{"name":"run","decl":{"start":{"line":5,"column":22},"end":{"line":5,"column":25}},"loc":{"start":{"line":5,"column":25},"end":{"line":34,"column":null}}},"1":{"name":"(anonymous_9)","decl":{"start":{"line":19,"column":21},"end":{"line":19,"column":28}},"loc":{"start":{"line":19,"column":36},"end":{"line":30,"column":4}}},"2":{"name":"(anonymous_10)","decl":{"start":{"line":19,"column":36},"end":{"line":19,"column":null}},"loc":{"start":{"line":19,"column":36},"end":{"line":30,"column":3}}}},"branchMap":{"0":{"loc":{"start":{"line":12,"column":2},"end":{"line":15,"column":3}},"type":"if","locations":[{"start":{"line":12,"column":2},"end":{"line":15,"column":3}}]}},"s":{"0":0,"1":0,"2":0,"3":0,"4":0,"5":0,"6":0,"7":0,"8":0,"9":0,"10":0,"11":0,"12":0,"13":0,"14":0,"15":0,"16":0,"17":0,"18":0},"f":{"0":0,"1":0,"2":0},"b":{"0":[0]}}
,"/Users/franciscolopez/Desktop/React-Labyrinth/src/test/suite/parser.test.ts": {"path":"/Users/franciscolopez/Desktop/React-Labyrinth/src/test/suite/parser.test.ts","statementMap":{"0":{"start":{"line":10,"column":0},"end":{"line":82,"column":3}},"1":{"start":{"line":14,"column":4},"end":{"line":28,"column":7}},"2":{"start":{"line":15,"column":8},"end":{"line":18,"column":11}},"3":{"start":{"line":16,"column":12},"end":{"line":16,"column":89}},"4":{"start":{"line":17,"column":12},"end":{"line":17,"column":38}},"5":{"start":{"line":20,"column":8},"end":{"line":22,"column":11}},"6":{"start":{"line":21,"column":12},"end":{"line":21,"column":52}},"7":{"start":{"line":24,"column":8},"end":{"line":27,"column":11}},"8":{"start":{"line":25,"column":12},"end":{"line":25,"column":51}},"9":{"start":{"line":26,"column":12},"end":{"line":26,"column":41}},"10":{"start":{"line":31,"column":4},"end":{"line":41,"column":7}},"11":{"start":{"line":32,"column":8},"end":{"line":36,"column":11}},"12":{"start":{"line":33,"column":12},"end":{"line":33,"column":44}},"13":{"start":{"line":34,"column":12},"end":{"line":34,"column":38}},"14":{"start":{"line":35,"column":12},"end":{"line":35,"column":34}},"15":{"start":{"line":38,"column":8},"end":{"line":40,"column":11}},"16":{"start":{"line":39,"column":12},"end":{"line":39,"column":39}},"17":{"start":{"line":44,"column":4},"end":{"line":59,"column":null}},"18":{"start":{"line":45,"column":8},"end":{"line":49,"column":null}},"19":{"start":{"line":46,"column":12},"end":{"line":46,"column":99}},"20":{"start":{"line":47,"column":12},"end":{"line":47,"column":38}},"21":{"start":{"line":48,"column":12},"end":{"line":48,"column":34}},"22":{"start":{"line":51,"column":8},"end":{"line":58,"column":null}},"23":{"start":{"line":52,"column":12},"end":{"line":52,"column":50}},"24":{"start":{"line":53,"column":26},"end":{"line":53,"column":42}},"25":{"start":{"line":54,"column":12},"end":{"line":54,"column":47}},"26":{"start":{"line":55,"column":12},"end":{"line":55,"column":55}},"27":{"start":{"line":56,"column":12},"end":{"line":56,"column":54}},"28":{"start":{"line":57,"column":12},"end":{"line":57,"column":54}},"29":{"start":{"line":62,"column":4},"end":{"line":78,"column":null}},"30":{"start":{"line":63,"column":8},"end":{"line":67,"column":null}},"31":{"start":{"line":64,"column":12},"end":{"line":64,"column":99}},"32":{"start":{"line":65,"column":12},"end":{"line":65,"column":38}},"33":{"start":{"line":66,"column":12},"end":{"line":66,"column":34}},"34":{"start":{"line":69,"column":8},"end":{"line":71,"column":null}},"35":{"start":{"line":70,"column":12},"end":{"line":70,"column":50}},"36":{"start":{"line":73,"column":8},"end":{"line":77,"column":null}},"37":{"start":{"line":74,"column":26},"end":{"line":74,"column":48}},"38":{"start":{"line":75,"column":12},"end":{"line":75,"column":45}},"39":{"start":{"line":76,"column":12},"end":{"line":76,"column":54}}},"fnMap":{"0":{"name":"(anonymous_0)","decl":{"start":{"line":10,"column":30},"end":{"line":10,"column":33}},"loc":{"start":{"line":10,"column":35},"end":{"line":82,"column":1}}},"1":{"name":"(anonymous_1)","decl":{"start":{"line":14,"column":41},"end":{"line":14,"column":44}},"loc":{"start":{"line":14,"column":46},"end":{"line":28,"column":5}}},"2":{"name":"(anonymous_2)","decl":{"start":{"line":15,"column":19},"end":{"line":15,"column":22}},"loc":{"start":{"line":15,"column":24},"end":{"line":18,"column":9}}},"3":{"name":"(anonymous_3)","decl":{"start":{"line":20,"column":63},"end":{"line":20,"column":66}},"loc":{"start":{"line":20,"column":68},"end":{"line":22,"column":9}}},"4":{"name":"(anonymous_4)","decl":{"start":{"line":24,"column":88},"end":{"line":24,"column":91}},"loc":{"start":{"line":24,"column":93},"end":{"line":27,"column":9}}},"5":{"name":"(anonymous_5)","decl":{"start":{"line":31,"column":41},"end":{"line":31,"column":44}},"loc":{"start":{"line":31,"column":46},"end":{"line":41,"column":5}}},"6":{"name":"(anonymous_6)","decl":{"start":{"line":32,"column":19},"end":{"line":32,"column":22}},"loc":{"start":{"line":32,"column":24},"end":{"line":36,"column":9}}},"7":{"name":"(anonymous_7)","decl":{"start":{"line":38,"column":62},"end":{"line":38,"column":65}},"loc":{"start":{"line":38,"column":67},"end":{"line":40,"column":9}}},"8":{"name":"(anonymous_8)","decl":{"start":{"line":44,"column":54},"end":{"line":44,"column":57}},"loc":{"start":{"line":44,"column":59},"end":{"line":59,"column":5}}},"9":{"name":"(anonymous_9)","decl":{"start":{"line":45,"column":18},"end":{"line":45,"column":21}},"loc":{"start":{"line":45,"column":23},"end":{"line":49,"column":9}}},"10":{"name":"(anonymous_10)","decl":{"start":{"line":51,"column":37},"end":{"line":51,"column":40}},"loc":{"start":{"line":51,"column":42},"end":{"line":58,"column":9}}},"11":{"name":"(anonymous_11)","decl":{"start":{"line":62,"column":79},"end":{"line":62,"column":82}},"loc":{"start":{"line":62,"column":84},"end":{"line":78,"column":5}}},"12":{"name":"(anonymous_12)","decl":{"start":{"line":63,"column":18},"end":{"line":63,"column":21}},"loc":{"start":{"line":63,"column":23},"end":{"line":67,"column":9}}},"13":{"name":"(anonymous_13)","decl":{"start":{"line":69,"column":37},"end":{"line":69,"column":40}},"loc":{"start":{"line":69,"column":42},"end":{"line":71,"column":9}}},"14":{"name":"(anonymous_14)","decl":{"start":{"line":73,"column":50},"end":{"line":73,"column":53}},"loc":{"start":{"line":73,"column":55},"end":{"line":77,"column":9}}}},"branchMap":{},"s":{"0":0,"1":0,"2":0,"3":0,"4":0,"5":0,"6":0,"7":0,"8":0,"9":0,"10":0,"11":0,"12":0,"13":0,"14":0,"15":0,"16":0,"17":0,"18":0,"19":0,"20":0,"21":0,"22":0,"23":0,"24":0,"25":0,"26":0,"27":0,"28":0,"29":0,"30":0,"31":0,"32":0,"33":0,"34":0,"35":0,"36":0,"37":0,"38":0,"39":0},"f":{"0":0,"1":0,"2":0,"3":0,"4":0,"5":0,"6":0,"7":0,"8":0,"9":0,"10":0,"11":0,"12":0,"13":0,"14":0},"b":{}}
,"/Users/franciscolopez/Desktop/React-Labyrinth/src/types/connection.ts": {"path":"/Users/franciscolopez/Desktop/React-Labyrinth/src/types/connection.ts","statementMap":{"0":{"start":{"line":1,"column":0},"end":{"line":1,"column":null}},"1":{"start":{"line":2,"column":4},"end":{"line":2,"column":null}},"2":{"start":{"line":3,"column":4},"end":{"line":3,"column":null}},"3":{"start":{"line":4,"column":4},"end":{"line":4,"column":null}},"4":{"start":{"line":5,"column":4},"end":{"line":5,"column":null}},"5":{"start":{"line":6,"column":4},"end":{"line":6,"column":null}}},"fnMap":{"0":{"name":"(anonymous_0)","decl":{"start":{"line":1,"column":0},"end":{"line":1,"column":6}},"loc":{"start":{"line":1,"column":30},"end":{"line":7,"column":1}}}},"branchMap":{"0":{"loc":{"start":{"line":1,"column":12},"end":{"line":1,"column":null}},"type":"binary-expr","locations":[{"start":{"line":1,"column":12},"end":{"line":1,"column":30}},{"start":{"line":1,"column":12},"end":{"line":1,"column":null}}]}},"s":{"0":0,"1":0,"2":0,"3":0,"4":0,"5":0},"f":{"0":0},"b":{"0":[0,0]}}
,"/Users/franciscolopez/Desktop/React-Labyrinth/src/types/index.d.ts": {"path":"/Users/franciscolopez/Desktop/React-Labyrinth/src/types/index.d.ts","statementMap":{},"fnMap":{},"branchMap":{},"s":{},"f":{},"b":{}}
,"/Users/franciscolopez/Desktop/React-Labyrinth/src/utils/getNonce.ts": {"path":"/Users/franciscolopez/Desktop/React-Labyrinth/src/utils/getNonce.ts","statementMap":{"0":{"start":{"line":2,"column":23},"end":{"line":2,"column":25}},"1":{"start":{"line":4,"column":6},"end":{"line":4,"column":70}},"2":{"start":{"line":5,"column":4},"end":{"line":7,"column":5}},"3":{"start":{"line":5,"column":17},"end":{"line":5,"column":18}},"4":{"start":{"line":6,"column":6},"end":{"line":6,"column":75}},"5":{"start":{"line":8,"column":4},"end":{"line":8,"column":16}}},"fnMap":{"0":{"name":"getNonce","decl":{"start":{"line":1,"column":16},"end":{"line":1,"column":24}},"loc":{"start":{"line":1,"column":24},"end":{"line":9,"column":1}}}},"branchMap":{},"s":{"0":0,"1":0,"2":0,"3":0,"4":0,"5":0},"f":{"0":0},"b":{}}
,"/Users/franciscolopez/Desktop/React-Labyrinth/src/webview/App.tsx": {"path":"/Users/franciscolopez/Desktop/React-Labyrinth/src/webview/App.tsx","statementMap":{"0":{"start":{"line":6,"column":2},"end":{"line":10,"column":4}}},"fnMap":{"0":{"name":"App","decl":{"start":{"line":5,"column":24},"end":{"line":5,"column":27}},"loc":{"start":{"line":5,"column":27},"end":{"line":11,"column":1}}}},"branchMap":{},"s":{"0":0},"f":{"0":0},"b":{}}
,"/Users/franciscolopez/Desktop/React-Labyrinth/src/webview/Flow.tsx": {"path":"/Users/franciscolopez/Desktop/React-Labyrinth/src/webview/Flow.tsx","statementMap":{"0":{"start":{"line":17,"column":21},"end":{"line":85,"column":1}},"1":{"start":{"line":20,"column":31},"end":{"line":20,"column":33}},"2":{"start":{"line":21,"column":31},"end":{"line":21,"column":33}},"3":{"start":{"line":23,"column":43},"end":{"line":23,"column":60}},"4":{"start":{"line":24,"column":43},"end":{"line":24,"column":60}},"5":{"start":{"line":26,"column":2},"end":{"line":45,"column":9}},"6":{"start":{"line":27,"column":4},"end":{"line":44,"column":7}},"7":{"start":{"line":29,"column":32},"end":{"line":29,"column":33}},"8":{"start":{"line":30,"column":26},"end":{"line":30,"column":41}},"9":{"start":{"line":32,"column":6},"end":{"line":43,"column":7}},"10":{"start":{"line":34,"column":39},"end":{"line":34,"column":53}},"11":{"start":{"line":37,"column":10},"end":{"line":37,"column":67}},"12":{"start":{"line":39,"column":10},"end":{"line":39,"column":33}},"13":{"start":{"line":40,"column":10},"end":{"line":40,"column":33}},"14":{"start":{"line":41,"column":10},"end":{"line":41,"column":16}},"15":{"start":{"line":47,"column":2},"end":{"line":84,"column":4}},"16":{"start":{"line":60,"column":12},"end":{"line":60,"column":73}},"17":{"start":{"line":60,"column":42},"end":{"line":60,"column":73}},"18":{"start":{"line":61,"column":12},"end":{"line":61,"column":55}},"19":{"start":{"line":61,"column":38},"end":{"line":61,"column":55}},"20":{"start":{"line":62,"column":12},"end":{"line":62,"column":26}},"21":{"start":{"line":65,"column":12},"end":{"line":65,"column":73}},"22":{"start":{"line":65,"column":42},"end":{"line":65,"column":73}},"23":{"start":{"line":66,"column":12},"end":{"line":66,"column":26}}},"fnMap":{"0":{"name":"(anonymous_0)","decl":{"start":{"line":17,"column":21},"end":{"line":17,"column":24}},"loc":{"start":{"line":17,"column":26},"end":{"line":85,"column":1}}},"1":{"name":"(anonymous_1)","decl":{"start":{"line":26,"column":12},"end":{"line":26,"column":15}},"loc":{"start":{"line":26,"column":17},"end":{"line":45,"column":3}}},"2":{"name":"(anonymous_2)","decl":{"start":{"line":27,"column":39},"end":{"line":27,"column":40}},"loc":{"start":{"line":27,"column":59},"end":{"line":44,"column":5}}},"3":{"name":"(anonymous_3)","decl":{"start":{"line":59,"column":27},"end":{"line":59,"column":28}},"loc":{"start":{"line":59,"column":41},"end":{"line":63,"column":11}}},"4":{"name":"(anonymous_4)","decl":{"start":{"line":64,"column":21},"end":{"line":64,"column":22}},"loc":{"start":{"line":64,"column":35},"end":{"line":67,"column":11}}}},"branchMap":{"0":{"loc":{"start":{"line":32,"column":6},"end":{"line":43,"column":7}},"type":"switch","locations":[{"start":{"line":33,"column":8},"end":{"line":42,"column":9}}]},"1":{"loc":{"start":{"line":60,"column":12},"end":{"line":60,"column":73}},"type":"if","locations":[{"start":{"line":60,"column":12},"end":{"line":60,"column":73}}]},"2":{"loc":{"start":{"line":60,"column":16},"end":{"line":60,"column":40}},"type":"cond-expr","locations":[{"start":{"line":60,"column":23},"end":{"line":60,"column":25}},{"start":{"line":60,"column":23},"end":{"line":60,"column":40}}]},"3":{"loc":{"start":{"line":60,"column":16},"end":{"line":60,"column":25}},"type":"binary-expr","locations":[{"start":{"line":60,"column":16},"end":{"line":60,"column":25}},{"start":{"line":60,"column":23},"end":{"line":60,"column":25}}]},"4":{"loc":{"start":{"line":61,"column":12},"end":{"line":61,"column":55}},"type":"if","locations":[{"start":{"line":61,"column":12},"end":{"line":61,"column":55}}]},"5":{"loc":{"start":{"line":65,"column":12},"end":{"line":65,"column":73}},"type":"if","locations":[{"start":{"line":65,"column":12},"end":{"line":65,"column":73}}]},"6":{"loc":{"start":{"line":65,"column":16},"end":{"line":65,"column":40}},"type":"cond-expr","locations":[{"start":{"line":65,"column":23},"end":{"line":65,"column":25}},{"start":{"line":65,"column":23},"end":{"line":65,"column":40}}]},"7":{"loc":{"start":{"line":65,"column":16},"end":{"line":65,"column":25}},"type":"binary-expr","locations":[{"start":{"line":65,"column":16},"end":{"line":65,"column":25}},{"start":{"line":65,"column":23},"end":{"line":65,"column":25}}]}},"s":{"0":0,"1":0,"2":0,"3":0,"4":0,"5":0,"6":0,"7":0,"8":0,"9":0,"10":0,"11":0,"12":0,"13":0,"14":0,"15":0,"16":0,"17":0,"18":0,"19":0,"20":0,"21":0,"22":0,"23":0},"f":{"0":0,"1":0,"2":0,"3":0,"4":0},"b":{"0":[0],"1":[0],"2":[0,0],"3":[0,0],"4":[0],"5":[0],"6":[0,0],"7":[0,0]}}
,"/Users/franciscolopez/Desktop/React-Labyrinth/src/webview/flowBuilder.tsx": {"path":"/Users/franciscolopez/Desktop/React-Labyrinth/src/webview/flowBuilder.tsx","statementMap":{"0":{"start":{"line":13,"column":41},"end":{"line":13,"column":59}},"1":{"start":{"line":16,"column":31},"end":{"line":16,"column":56}},"2":{"start":{"line":17,"column":26},"end":{"line":17,"column":57}},"3":{"start":{"line":18,"column":19},"end":{"line":18,"column":49}},"4":{"start":{"line":21,"column":47},"end":{"line":23,"column":119}},"5":{"start":{"line":23,"column":87},"end":{"line":23,"column":117}},"6":{"start":{"line":25,"column":4},"end":{"line":25,"column":21}},"7":{"start":{"line":27,"column":4},"end":{"line":66,"column":7}},"8":{"start":{"line":30,"column":6},"end":{"line":44,"column":9}},"9":{"start":{"line":47,"column":6},"end":{"line":65,"column":7}},"10":{"start":{"line":48,"column":30},"end":{"line":54,"column":10}},"11":{"start":{"line":57,"column":36},"end":{"line":58,"column":null}},"12":{"start":{"line":58,"column":18},"end":{"line":58,"column":82}},"13":{"start":{"line":62,"column":8},"end":{"line":64,"column":9}},"14":{"start":{"line":63,"column":10},"end":{"line":63,"column":30}}},"fnMap":{"0":{"name":"(anonymous_0)","decl":{"start":{"line":10,"column":9},"end":{"line":10,"column":19}},"loc":{"start":{"line":10,"column":60},"end":{"line":67,"column":3}}},"1":{"name":"(anonymous_1)","decl":{"start":{"line":23,"column":18},"end":{"line":23,"column":19}},"loc":{"start":{"line":23,"column":87},"end":{"line":23,"column":117}}},"2":{"name":"(anonymous_2)","decl":{"start":{"line":27,"column":14},"end":{"line":27,"column":15}},"loc":{"start":{"line":27,"column":34},"end":{"line":66,"column":5}}},"3":{"name":"(anonymous_3)","decl":{"start":{"line":58,"column":10},"end":{"line":58,"column":14}},"loc":{"start":{"line":58,"column":18},"end":{"line":58,"column":82}}}},"branchMap":{"0":{"loc":{"start":{"line":23,"column":87},"end":{"line":23,"column":117}},"type":"cond-expr","locations":[{"start":{"line":23,"column":110},"end":{"line":23,"column":111}},{"start":{"line":23,"column":114},"end":{"line":23,"column":117}}]},"1":{"loc":{"start":{"line":32,"column":23},"end":{"line":32,"column":42}},"type":"cond-expr","locations":[{"start":{"line":32,"column":32},"end":{"line":32,"column":38}},{"start":{"line":32,"column":41},"end":{"line":32,"column":42}}]},"2":{"loc":{"start":{"line":32,"column":47},"end":{"line":32,"column":66}},"type":"cond-expr","locations":[{"start":{"line":32,"column":56},"end":{"line":32,"column":62}},{"start":{"line":32,"column":65},"end":{"line":32,"column":66}}]},"3":{"loc":{"start":{"line":33,"column":14},"end":{"line":33,"column":80}},"type":"cond-expr","locations":[{"start":{"line":33,"column":33},"end":{"line":33,"column":40}},{"start":{"line":33,"column":43},"end":{"line":33,"column":80}}]},"4":{"loc":{"start":{"line":33,"column":43},"end":{"line":33,"column":80}},"type":"cond-expr","locations":[{"start":{"line":33,"column":60},"end":{"line":33,"column":68}},{"start":{"line":33,"column":71},"end":{"line":33,"column":80}}]},"5":{"loc":{"start":{"line":42,"column":30},"end":{"line":42,"column":83}},"type":"cond-expr","locations":[{"start":{"line":42,"column":62},"end":{"line":42,"column":71}},{"start":{"line":42,"column":74},"end":{"line":42,"column":83}}]},"6":{"loc":{"start":{"line":47,"column":6},"end":{"line":65,"column":7}},"type":"if","locations":[{"start":{"line":47,"column":6},"end":{"line":65,"column":7}}]},"7":{"loc":{"start":{"line":58,"column":18},"end":{"line":58,"column":82}},"type":"binary-expr","locations":[{"start":{"line":58,"column":18},"end":{"line":58,"column":48}},{"start":{"line":58,"column":52},"end":{"line":58,"column":82}}]},"8":{"loc":{"start":{"line":62,"column":8},"end":{"line":64,"column":9}},"type":"if","locations":[{"start":{"line":62,"column":8},"end":{"line":64,"column":9}}]}},"s":{"0":0,"1":0,"2":0,"3":0,"4":0,"5":0,"6":0,"7":0,"8":0,"9":0,"10":0,"11":0,"12":0,"13":0,"14":0},"f":{"0":0,"1":0,"2":0,"3":0},"b":{"0":[0,0],"1":[0,0],"2":[0,0],"3":[0,0],"4":[0,0],"5":[0,0],"6":[0],"7":[0,0],"8":[0]}}
,"/Users/franciscolopez/Desktop/React-Labyrinth/src/webview/index.tsx": {"path":"/Users/franciscolopez/Desktop/React-Labyrinth/src/webview/index.tsx","statementMap":{"0":{"start":{"line":6,"column":20},"end":{"line":6,"column":51}},"1":{"start":{"line":7,"column":13},"end":{"line":7,"column":36}},"2":{"start":{"line":9,"column":0},"end":{"line":13,"column":2}}},"fnMap":{},"branchMap":{},"s":{"0":0,"1":0,"2":0},"f":{},"b":{}}
}
