TN:
SF:src/extension.ts
FN:11,activate
FN:19,(anonymous_8)
FN:19,(anonymous_9)
FN:50,(anonymous_10)
FN:61,(anonymous_11)
FN:69,deactivate
FNF:6
FNH:0
FNDA:0,activate
FNDA:0,(anonymous_8)
FNDA:0,(anonymous_9)
FNDA:0,(anonymous_10)
FNDA:0,(anonymous_11)
FNDA:0,deactivate
DA:6,0
DA:7,0
DA:14,0
DA:19,0
DA:21,0
DA:22,0
DA:26,0
DA:29,0
DA:30,0
DA:31,0
DA:35,0
DA:36,0
DA:37,0
DA:41,0
DA:42,0
DA:44,0
DA:45,0
DA:49,0
DA:51,0
DA:52,0
DA:53,0
DA:61,0
DA:62,0
DA:65,0
DA:71,0
LF:25
LH:0
BRDA:14,0,0,0
BRDA:14,0,1,0
BRDA:21,1,0,0
BRDA:29,2,0,0
BRDA:29,3,0,0
BRDA:29,3,1,0
BRDA:41,4,0,0
BRDA:41,4,1,0
BRF:8
BRH:0
end_of_record
TN:
SF:src/panel.ts
FN:7,createPanel
FN:34,(anonymous_8)
FN:34,(anonymous_9)
FN:59,createWebviewHTML
FNF:4
FNH:0
FNDA:0,createPanel
FNDA:0,(anonymous_8)
FNDA:0,(anonymous_9)
FNDA:0,createWebviewHTML
DA:5,0
DA:9,0
DA:21,0
DA:24,0
DA:27,0
DA:30,0
DA:33,0
DA:34,0
DA:35,0
DA:37,0
DA:38,0
DA:39,0
DA:45,0
DA:52,0
DA:56,0
DA:60,0
LF:16
LH:0
BRDA:35,0,0,0
BRDA:37,1,0,0
BRF:2
BRH:0
end_of_record
TN:
SF:src/parser.ts
FN:13,(anonymous_0)
FN:37,(anonymous_1)
FN:63,(anonymous_2)
FN:68,(anonymous_3)
FN:73,(anonymous_4)
FN:76,(anonymous_5)
FN:81,(anonymous_6)
FN:94,(anonymous_7)
FN:96,(anonymous_8)
FN:113,(anonymous_9)
FN:114,(anonymous_10)
FN:125,(anonymous_11)
FN:132,(anonymous_12)
FN:138,(anonymous_13)
FN:207,(anonymous_14)
FN:212,(anonymous_15)
FN:220,(anonymous_16)
FN:229,(anonymous_17)
FN:230,(anonymous_18)
FN:232,(anonymous_19)
FN:234,(anonymous_20)
FN:255,(anonymous_21)
FN:273,(anonymous_22)
FN:274,(anonymous_23)
FN:293,(anonymous_24)
FN:297,(anonymous_25)
FN:382,(anonymous_26)
FN:429,(anonymous_27)
FN:471,(anonymous_28)
FN:488,(anonymous_29)
FN:492,(anonymous_30)
FNF:31
FNH:0
FNDA:0,(anonymous_0)
FNDA:0,(anonymous_1)
FNDA:0,(anonymous_2)
FNDA:0,(anonymous_3)
FNDA:0,(anonymous_4)
FNDA:0,(anonymous_5)
FNDA:0,(anonymous_6)
FNDA:0,(anonymous_7)
FNDA:0,(anonymous_8)
FNDA:0,(anonymous_9)
FNDA:0,(anonymous_10)
FNDA:0,(anonymous_11)
FNDA:0,(anonymous_12)
FNDA:0,(anonymous_13)
FNDA:0,(anonymous_14)
FNDA:0,(anonymous_15)
FNDA:0,(anonymous_16)
FNDA:0,(anonymous_17)
FNDA:0,(anonymous_18)
FNDA:0,(anonymous_19)
FNDA:0,(anonymous_20)
FNDA:0,(anonymous_21)
FNDA:0,(anonymous_22)
FNDA:0,(anonymous_23)
FNDA:0,(anonymous_24)
FNDA:0,(anonymous_25)
FNDA:0,(anonymous_26)
FNDA:0,(anonymous_27)
FNDA:0,(anonymous_28)
FNDA:0,(anonymous_29)
FNDA:0,(anonymous_30)
DA:15,0
DA:16,0
DA:17,0
DA:20,0
DA:22,0
DA:26,0
DA:27,0
DA:32,0
DA:39,0
DA:58,0
DA:59,0
DA:60,0
DA:64,0
DA:69,0
DA:70,0
DA:74,0
DA:76,0
DA:77,0
DA:78,0
DA:81,0
DA:82,0
DA:83,0
DA:84,0
DA:89,0
DA:94,0
DA:95,0
DA:96,0
DA:97,0
DA:100,0
DA:102,0
DA:104,0
DA:108,0
DA:109,0
DA:114,0
DA:115,0
DA:116,0
DA:120,0
DA:121,0
DA:126,0
DA:127,0
DA:130,0
DA:132,0
DA:133,0
DA:140,0
DA:141,0
DA:142,0
DA:146,0
DA:148,0
DA:152,0
DA:153,0
DA:154,0
DA:155,0
DA:159,0
DA:160,0
DA:168,0
DA:169,0
DA:178,0
DA:179,0
DA:183,0
DA:186,0
DA:187,0
DA:189,0
DA:193,0
DA:194,0
DA:202,0
DA:203,0
DA:207,0
DA:208,0
DA:213,0
DA:214,0
DA:216,0
DA:218,0
DA:219,0
DA:220,0
DA:221,0
DA:223,0
DA:230,0
DA:232,0
DA:233,0
DA:234,0
DA:235,0
DA:241,0
DA:242,0
DA:243,0
DA:244,0
DA:245,0
DA:251,0
DA:257,0
DA:258,0
DA:261,0
DA:262,0
DA:263,0
DA:264,0
DA:265,0
DA:269,0
DA:274,0
DA:275,0
DA:283,0
DA:284,0
DA:285,0
DA:286,0
DA:289,0
DA:293,0
DA:294,0
DA:297,0
DA:298,0
DA:318,0
DA:319,0
DA:320,0
DA:321,0
DA:322,0
DA:326,0
DA:327,0
DA:330,0
DA:331,0
DA:332,0
DA:333,0
DA:334,0
DA:335,0
DA:339,0
DA:340,0
DA:343,0
DA:346,0
DA:347,0
DA:348,0
DA:350,0
DA:351,0
DA:352,0
DA:353,0
DA:355,0
DA:357,0
DA:359,0
DA:360,0
DA:361,0
DA:362,0
DA:366,0
DA:367,0
DA:371,0
DA:372,0
DA:373,0
DA:374,0
DA:375,0
DA:377,0
DA:388,0
DA:389,0
DA:392,0
DA:394,0
DA:399,0
DA:400,0
DA:401,0
DA:410,0
DA:416,0
DA:417,0
DA:426,0
DA:436,0
DA:437,0
DA:438,0
DA:444,0
DA:467,0
DA:474,0
DA:475,0
DA:476,0
DA:480,0
DA:482,0
DA:484,0
DA:490,0
DA:492,0
DA:493,0
DA:497,0
DA:498,0
DA:502,0
DA:503,0
DA:507,0
DA:508,0
DA:513,0
DA:516,0
LF:176
LH:0
BRDA:16,0,0,0
BRDA:16,0,1,0
BRDA:16,1,0,0
BRDA:16,1,1,0
BRDA:22,2,0,0
BRDA:23,3,0,0
BRDA:23,3,1,0
BRDA:84,4,0,0
BRDA:85,5,0,0
BRDA:85,5,1,0
BRDA:85,5,2,0
BRDA:95,6,0,0
BRDA:115,7,0,0
BRDA:125,8,0,0
BRDA:126,9,0,0
BRDA:140,10,0,0
BRDA:142,11,0,0
BRDA:143,12,0,0
BRDA:143,12,1,0
BRDA:153,13,0,0
BRDA:159,14,0,0
BRDA:186,15,0,0
BRDA:186,15,1,0
BRDA:193,16,0,0
BRDA:202,17,0,0
BRDA:216,18,0,0
BRDA:221,19,0,0
BRDA:221,19,1,0
BRDA:230,20,0,0
BRDA:230,20,1,0
BRDA:233,21,0,0
BRDA:237,22,0,0
BRDA:237,22,1,0
BRDA:241,23,0,0
BRDA:241,24,0,0
BRDA:241,24,1,0
BRDA:243,25,0,0
BRDA:257,26,0,0
BRDA:257,27,0,0
BRDA:257,27,1,0
BRDA:262,28,0,0
BRDA:262,29,0,0
BRDA:262,29,1,0
BRDA:262,29,2,0
BRDA:264,30,0,0
BRDA:284,31,0,0
BRDA:285,32,0,0
BRDA:285,33,0,0
BRDA:285,33,1,0
BRDA:294,34,0,0
BRDA:318,35,0,0
BRDA:318,35,1,0
BRDA:320,36,0,0
BRDA:320,36,1,0
BRDA:320,37,0,0
BRDA:320,37,1,0
BRDA:320,38,0,0
BRDA:320,38,1,0
BRDA:320,39,0,0
BRDA:320,39,1,0
BRDA:320,40,0,0
BRDA:320,40,1,0
BRDA:320,41,0,0
BRDA:320,41,1,0
BRDA:321,42,0,0
BRDA:321,43,0,0
BRDA:321,43,1,0
BRDA:321,43,2,0
BRDA:330,44,0,0
BRDA:332,45,0,0
BRDA:332,45,1,0
BRDA:332,46,0,0
BRDA:332,46,1,0
BRDA:332,47,0,0
BRDA:332,47,1,0
BRDA:332,48,0,0
BRDA:332,48,1,0
BRDA:333,49,0,0
BRDA:334,50,0,0
BRDA:334,51,0,0
BRDA:334,51,1,0
BRDA:334,51,2,0
BRDA:346,52,0,0
BRDA:346,52,1,0
BRDA:347,53,0,0
BRDA:347,53,1,0
BRDA:347,54,0,0
BRDA:347,54,1,0
BRDA:347,55,0,0
BRDA:347,55,1,0
BRDA:347,56,0,0
BRDA:347,56,1,0
BRDA:347,57,0,0
BRDA:347,57,1,0
BRDA:347,58,0,0
BRDA:347,58,1,0
BRDA:348,59,0,0
BRDA:352,60,0,0
BRDA:357,61,0,0
BRDA:361,62,0,0
BRDA:361,63,0,0
BRDA:361,63,1,0
BRDA:361,64,0,0
BRDA:361,64,1,0
BRDA:361,65,0,0
BRDA:361,65,1,0
BRDA:361,66,0,0
BRDA:361,66,1,0
BRDA:361,67,0,0
BRDA:361,67,1,0
BRDA:361,68,0,0
BRDA:361,68,1,0
BRDA:371,69,0,0
BRDA:374,70,0,0
BRDA:394,71,0,0
BRDA:394,71,1,0
BRDA:395,72,0,0
BRDA:395,72,1,0
BRDA:395,72,2,0
BRDA:410,73,0,0
BRDA:411,74,0,0
BRDA:411,74,1,0
BRDA:411,74,2,0
BRDA:411,74,3,0
BRDA:436,75,0,0
BRDA:436,75,1,0
BRDA:476,76,0,0
BRDA:477,77,0,0
BRDA:477,77,1,0
BRDA:493,78,0,0
BRDA:494,79,0,0
BRDA:494,79,1,0
BRDA:502,80,0,0
BRDA:508,81,0,0
BRDA:509,82,0,0
BRDA:509,82,1,0
BRDA:509,82,2,0
BRF:137
BRH:0
end_of_record
TN:
SF:src/test/runTest.ts
FN:4,main
FNF:1
FNH:0
FNDA:0,main
DA:5,0
DA:6,0
DA:9,0
DA:13,0
DA:15,0
DA:18,0
DA:24,0
DA:25,0
DA:29,0
LF:9
LH:0
BRF:0
BRH:0
end_of_record
TN:
SF:src/test/suite/extension.test.ts
FN:8,(anonymous_0)
FN:10,(anonymous_1)
FNF:2
FNH:0
FNDA:0,(anonymous_0)
FNDA:0,(anonymous_1)
DA:8,0
DA:10,0
DA:11,0
DA:12,0
DA:13,0
LF:5
LH:0
BRF:0
BRH:0
end_of_record
TN:
SF:src/test/suite/index.ts
FN:5,run
FN:19,(anonymous_9)
FN:19,(anonymous_10)
FNF:3
FNH:0
FNDA:0,run
FNDA:0,(anonymous_9)
FNDA:0,(anonymous_10)
DA:6,0
DA:7,0
DA:9,0
DA:10,0
DA:12,0
DA:13,0
DA:14,0
DA:17,0
DA:19,0
DA:20,0
DA:21,0
DA:22,0
DA:23,0
DA:24,0
DA:25,0
DA:27,0
DA:28,0
DA:32,0
LF:18
LH:0
BRDA:12,0,0,0
BRF:1
BRH:0
end_of_record
TN:
SF:src/test/suite/parser.test.ts
FN:10,(anonymous_0)
FN:14,(anonymous_1)
FN:15,(anonymous_2)
FN:20,(anonymous_3)
FN:24,(anonymous_4)
FN:31,(anonymous_5)
FN:32,(anonymous_6)
FN:38,(anonymous_7)
FN:44,(anonymous_8)
FN:45,(anonymous_9)
FN:51,(anonymous_10)
FN:62,(anonymous_11)
FN:63,(anonymous_12)
FN:69,(anonymous_13)
FN:73,(anonymous_14)
FN:81,(anonymous_15)
FN:82,(anonymous_16)
FN:88,(anonymous_17)
FN:92,(anonymous_18)
FNF:19
FNH:0
FNDA:0,(anonymous_0)
FNDA:0,(anonymous_1)
FNDA:0,(anonymous_2)
FNDA:0,(anonymous_3)
FNDA:0,(anonymous_4)
FNDA:0,(anonymous_5)
FNDA:0,(anonymous_6)
FNDA:0,(anonymous_7)
FNDA:0,(anonymous_8)
FNDA:0,(anonymous_9)
FNDA:0,(anonymous_10)
FNDA:0,(anonymous_11)
FNDA:0,(anonymous_12)
FNDA:0,(anonymous_13)
FNDA:0,(anonymous_14)
FNDA:0,(anonymous_15)
FNDA:0,(anonymous_16)
FNDA:0,(anonymous_17)
FNDA:0,(anonymous_18)
DA:10,0
DA:14,0
DA:15,0
DA:16,0
DA:17,0
DA:20,0
DA:21,0
DA:24,0
DA:25,0
DA:26,0
DA:31,0
DA:32,0
DA:33,0
DA:34,0
DA:35,0
DA:38,0
DA:39,0
DA:44,0
DA:45,0
DA:46,0
DA:47,0
DA:48,0
DA:51,0
DA:52,0
DA:53,0
DA:54,0
DA:55,0
DA:56,0
DA:57,0
DA:62,0
DA:63,0
DA:64,0
DA:65,0
DA:66,0
DA:69,0
DA:70,0
DA:73,0
DA:74,0
DA:75,0
DA:76,0
DA:81,0
DA:82,0
DA:83,0
DA:84,0
DA:85,0
DA:88,0
DA:89,0
DA:92,0
DA:93,0
DA:94,0
DA:95,0
LF:51
LH:0
BRF:0
BRH:0
end_of_record
TN:
SF:src/types/connection.ts
FN:1,(anonymous_0)
FNF:1
FNH:0
FNDA:0,(anonymous_0)
DA:1,0
DA:2,0
DA:3,0
DA:4,0
DA:5,0
DA:6,0
LF:6
LH:0
BRDA:1,0,0,0
BRDA:1,0,1,0
BRF:2
BRH:0
end_of_record
TN:
SF:src/types/index.d.ts
FNF:0
FNH:0
LF:0
LH:0
BRF:0
BRH:0
end_of_record
TN:
SF:src/utils/getNonce.ts
FN:1,getNonce
FNF:1
FNH:0
FNDA:0,getNonce
DA:2,0
DA:4,0
DA:5,0
DA:6,0
DA:8,0
LF:5
LH:0
BRF:0
BRH:0
end_of_record
TN:
SF:src/webview/App.tsx
FN:5,App
FNF:1
FNH:0
FNDA:0,App
DA:6,0
LF:1
LH:0
BRF:0
BRH:0
end_of_record
TN:
SF:src/webview/Flow.tsx
FN:17,(anonymous_0)
FN:26,(anonymous_1)
FN:27,(anonymous_2)
FN:59,(anonymous_3)
FN:64,(anonymous_4)
FNF:5
FNH:0
FNDA:0,(anonymous_0)
FNDA:0,(anonymous_1)
FNDA:0,(anonymous_2)
FNDA:0,(anonymous_3)
FNDA:0,(anonymous_4)
DA:17,0
DA:20,0
DA:21,0
DA:23,0
DA:24,0
DA:26,0
DA:27,0
DA:29,0
DA:30,0
DA:32,0
DA:34,0
DA:37,0
DA:39,0
DA:40,0
DA:41,0
DA:47,0
DA:60,0
DA:61,0
DA:62,0
DA:65,0
DA:66,0
LF:21
LH:0
BRDA:32,0,0,0
BRDA:60,1,0,0
BRDA:60,2,0,0
BRDA:60,2,1,0
BRDA:60,3,0,0
BRDA:60,3,1,0
BRDA:61,4,0,0
BRDA:65,5,0,0
BRDA:65,6,0,0
BRDA:65,6,1,0
BRDA:65,7,0,0
BRDA:65,7,1,0
BRF:12
BRH:0
end_of_record
TN:
SF:src/webview/flowBuilder.tsx
FN:10,(anonymous_0)
FN:23,(anonymous_1)
FN:27,(anonymous_2)
FN:58,(anonymous_3)
FNF:4
FNH:0
FNDA:0,(anonymous_0)
FNDA:0,(anonymous_1)
FNDA:0,(anonymous_2)
FNDA:0,(anonymous_3)
DA:13,0
DA:16,0
DA:17,0
DA:18,0
DA:21,0
DA:23,0
DA:25,0
DA:27,0
DA:30,0
DA:47,0
DA:48,0
DA:57,0
DA:58,0
DA:62,0
DA:63,0
LF:15
LH:0
BRDA:23,0,0,0
BRDA:23,0,1,0
BRDA:32,1,0,0
BRDA:32,1,1,0
BRDA:32,2,0,0
BRDA:32,2,1,0
BRDA:33,3,0,0
BRDA:33,3,1,0
BRDA:33,4,0,0
BRDA:33,4,1,0
BRDA:42,5,0,0
BRDA:42,5,1,0
BRDA:47,6,0,0
BRDA:58,7,0,0
BRDA:58,7,1,0
BRDA:62,8,0,0
BRF:16
BRH:0
end_of_record
TN:
SF:src/webview/index.tsx
FNF:0
FNH:0
DA:6,0
DA:7,0
DA:9,0
LF:3
LH:0
BRF:0
BRH:0
end_of_record
